<?xml version="1.0" encoding="UTF-8"?>
<testsuite xmlns:xsi="http://www.w3.org/2001/XMLSchema-instance" xsi:noNamespaceSchemaLocation="https://maven.apache.org/surefire/maven-surefire-plugin/xsd/surefire-test-report-3.0.xsd" version="3.0" name="br.mule.test.ItemTest" time="4.335" tests="4" errors="0" skipped="0" failures="0">
  <properties>
    <property name="sun.desktop" value="windows"/>
    <property name="awt.toolkit" value="sun.awt.windows.WToolkit"/>
    <property name="java.specification.version" value="11"/>
    <property name="sun.cpu.isalist" value="amd64"/>
    <property name="sun.jnu.encoding" value="Cp1252"/>
    <property name="java.class.path" value="D:\users\ter01277\eclipse-workspace\test_api\target\test-classes;D:\users\ter01277\eclipse-workspace\test_api\target\classes;D:\Users\ter01277\.m2\repository\io\rest-assured\rest-assured\5.0.0\rest-assured-5.0.0.jar;D:\Users\ter01277\.m2\repository\org\apache\groovy\groovy\4.0.1\groovy-4.0.1.jar;D:\Users\ter01277\.m2\repository\org\apache\groovy\groovy-xml\4.0.1\groovy-xml-4.0.1.jar;D:\Users\ter01277\.m2\repository\org\apache\httpcomponents\httpclient\4.5.13\httpclient-4.5.13.jar;D:\Users\ter01277\.m2\repository\org\apache\httpcomponents\httpcore\4.4.13\httpcore-4.4.13.jar;D:\Users\ter01277\.m2\repository\commons-logging\commons-logging\1.2\commons-logging-1.2.jar;D:\Users\ter01277\.m2\repository\commons-codec\commons-codec\1.11\commons-codec-1.11.jar;D:\Users\ter01277\.m2\repository\org\apache\httpcomponents\httpmime\4.5.13\httpmime-4.5.13.jar;D:\Users\ter01277\.m2\repository\org\hamcrest\hamcrest\2.1\hamcrest-2.1.jar;D:\Users\ter01277\.m2\repository\org\ccil\cowan\tagsoup\tagsoup\1.2.1\tagsoup-1.2.1.jar;D:\Users\ter01277\.m2\repository\io\rest-assured\json-path\5.0.0\json-path-5.0.0.jar;D:\Users\ter01277\.m2\repository\org\apache\groovy\groovy-json\4.0.1\groovy-json-4.0.1.jar;D:\Users\ter01277\.m2\repository\io\rest-assured\rest-assured-common\5.0.0\rest-assured-common-5.0.0.jar;D:\Users\ter01277\.m2\repository\io\rest-assured\xml-path\5.0.0\xml-path-5.0.0.jar;D:\Users\ter01277\.m2\repository\org\apache\commons\commons-lang3\3.11\commons-lang3-3.11.jar;D:\Users\ter01277\.m2\repository\junit\junit\4.10\junit-4.10.jar;D:\Users\ter01277\.m2\repository\org\hamcrest\hamcrest-core\1.1\hamcrest-core-1.1.jar;D:\Users\ter01277\.m2\repository\com\google\code\gson\gson\2.8.5\gson-2.8.5.jar;D:\Users\ter01277\.m2\repository\io\cucumber\cucumber-java\7.15.0\cucumber-java-7.15.0.jar;D:\Users\ter01277\.m2\repository\io\cucumber\cucumber-core\7.15.0\cucumber-core-7.15.0.jar;D:\Users\ter01277\.m2\repository\io\cucumber\cucumber-gherkin\7.15.0\cucumber-gherkin-7.15.0.jar;D:\Users\ter01277\.m2\repository\io\cucumber\cucumber-gherkin-messages\7.15.0\cucumber-gherkin-messages-7.15.0.jar;D:\Users\ter01277\.m2\repository\io\cucumber\gherkin\26.2.0\gherkin-26.2.0.jar;D:\Users\ter01277\.m2\repository\io\cucumber\messages\22.0.0\messages-22.0.0.jar;D:\Users\ter01277\.m2\repository\io\cucumber\tag-expressions\6.0.0\tag-expressions-6.0.0.jar;D:\Users\ter01277\.m2\repository\io\cucumber\cucumber-expressions\17.0.1\cucumber-expressions-17.0.1.jar;D:\Users\ter01277\.m2\repository\io\cucumber\datatable\7.15.0\datatable-7.15.0.jar;D:\Users\ter01277\.m2\repository\io\cucumber\cucumber-plugin\7.15.0\cucumber-plugin-7.15.0.jar;D:\Users\ter01277\.m2\repository\io\cucumber\docstring\7.15.0\docstring-7.15.0.jar;D:\Users\ter01277\.m2\repository\io\cucumber\html-formatter\20.4.0\html-formatter-20.4.0.jar;D:\Users\ter01277\.m2\repository\io\cucumber\junit-xml-formatter\0.2.0\junit-xml-formatter-0.2.0.jar;D:\Users\ter01277\.m2\repository\io\cucumber\ci-environment\10.0.0\ci-environment-10.0.0.jar;D:\Users\ter01277\.m2\repository\org\apiguardian\apiguardian-api\1.1.2\apiguardian-api-1.1.2.jar;D:\Users\ter01277\.m2\repository\io\cucumber\cucumber-junit\7.15.0\cucumber-junit-7.15.0.jar;D:\Users\ter01277\.m2\repository\com\oracle\database\jdbc\ojdbc8\21.5.0.0\ojdbc8-21.5.0.0.jar;"/>
    <property name="java.vm.vendor" value="Oracle Corporation"/>
    <property name="sun.arch.data.model" value="64"/>
    <property name="user.variant" value=""/>
    <property name="java.vendor.url" value="https://openjdk.java.net/"/>
    <property name="user.timezone" value="America/Sao_Paulo"/>
    <property name="java.vm.specification.version" value="11"/>
    <property name="os.name" value="Windows 10"/>
    <property name="sun.java.launcher" value="SUN_STANDARD"/>
    <property name="user.country" value="BR"/>
    <property name="sun.boot.library.path" value="C:\Program Files\Java\jdk-11\bin"/>
    <property name="sun.java.command" value="D:\users\ter01277\AppData\Local\Temp\surefire16300711059341580700\surefirebooter-20240214080440710_3.jar D:\users\ter01277\AppData\Local\Temp\surefire16300711059341580700 2024-02-14T08-04-40_431-jvmRun1 surefire-20240214080440710_1tmp surefire_0-20240214080440710_2tmp"/>
    <property name="jdk.debug" value="release"/>
    <property name="surefire.test.class.path" value="D:\users\ter01277\eclipse-workspace\test_api\target\test-classes;D:\users\ter01277\eclipse-workspace\test_api\target\classes;D:\Users\ter01277\.m2\repository\io\rest-assured\rest-assured\5.0.0\rest-assured-5.0.0.jar;D:\Users\ter01277\.m2\repository\org\apache\groovy\groovy\4.0.1\groovy-4.0.1.jar;D:\Users\ter01277\.m2\repository\org\apache\groovy\groovy-xml\4.0.1\groovy-xml-4.0.1.jar;D:\Users\ter01277\.m2\repository\org\apache\httpcomponents\httpclient\4.5.13\httpclient-4.5.13.jar;D:\Users\ter01277\.m2\repository\org\apache\httpcomponents\httpcore\4.4.13\httpcore-4.4.13.jar;D:\Users\ter01277\.m2\repository\commons-logging\commons-logging\1.2\commons-logging-1.2.jar;D:\Users\ter01277\.m2\repository\commons-codec\commons-codec\1.11\commons-codec-1.11.jar;D:\Users\ter01277\.m2\repository\org\apache\httpcomponents\httpmime\4.5.13\httpmime-4.5.13.jar;D:\Users\ter01277\.m2\repository\org\hamcrest\hamcrest\2.1\hamcrest-2.1.jar;D:\Users\ter01277\.m2\repository\org\ccil\cowan\tagsoup\tagsoup\1.2.1\tagsoup-1.2.1.jar;D:\Users\ter01277\.m2\repository\io\rest-assured\json-path\5.0.0\json-path-5.0.0.jar;D:\Users\ter01277\.m2\repository\org\apache\groovy\groovy-json\4.0.1\groovy-json-4.0.1.jar;D:\Users\ter01277\.m2\repository\io\rest-assured\rest-assured-common\5.0.0\rest-assured-common-5.0.0.jar;D:\Users\ter01277\.m2\repository\io\rest-assured\xml-path\5.0.0\xml-path-5.0.0.jar;D:\Users\ter01277\.m2\repository\org\apache\commons\commons-lang3\3.11\commons-lang3-3.11.jar;D:\Users\ter01277\.m2\repository\junit\junit\4.10\junit-4.10.jar;D:\Users\ter01277\.m2\repository\org\hamcrest\hamcrest-core\1.1\hamcrest-core-1.1.jar;D:\Users\ter01277\.m2\repository\com\google\code\gson\gson\2.8.5\gson-2.8.5.jar;D:\Users\ter01277\.m2\repository\io\cucumber\cucumber-java\7.15.0\cucumber-java-7.15.0.jar;D:\Users\ter01277\.m2\repository\io\cucumber\cucumber-core\7.15.0\cucumber-core-7.15.0.jar;D:\Users\ter01277\.m2\repository\io\cucumber\cucumber-gherkin\7.15.0\cucumber-gherkin-7.15.0.jar;D:\Users\ter01277\.m2\repository\io\cucumber\cucumber-gherkin-messages\7.15.0\cucumber-gherkin-messages-7.15.0.jar;D:\Users\ter01277\.m2\repository\io\cucumber\gherkin\26.2.0\gherkin-26.2.0.jar;D:\Users\ter01277\.m2\repository\io\cucumber\messages\22.0.0\messages-22.0.0.jar;D:\Users\ter01277\.m2\repository\io\cucumber\tag-expressions\6.0.0\tag-expressions-6.0.0.jar;D:\Users\ter01277\.m2\repository\io\cucumber\cucumber-expressions\17.0.1\cucumber-expressions-17.0.1.jar;D:\Users\ter01277\.m2\repository\io\cucumber\datatable\7.15.0\datatable-7.15.0.jar;D:\Users\ter01277\.m2\repository\io\cucumber\cucumber-plugin\7.15.0\cucumber-plugin-7.15.0.jar;D:\Users\ter01277\.m2\repository\io\cucumber\docstring\7.15.0\docstring-7.15.0.jar;D:\Users\ter01277\.m2\repository\io\cucumber\html-formatter\20.4.0\html-formatter-20.4.0.jar;D:\Users\ter01277\.m2\repository\io\cucumber\junit-xml-formatter\0.2.0\junit-xml-formatter-0.2.0.jar;D:\Users\ter01277\.m2\repository\io\cucumber\ci-environment\10.0.0\ci-environment-10.0.0.jar;D:\Users\ter01277\.m2\repository\org\apiguardian\apiguardian-api\1.1.2\apiguardian-api-1.1.2.jar;D:\Users\ter01277\.m2\repository\io\cucumber\cucumber-junit\7.15.0\cucumber-junit-7.15.0.jar;D:\Users\ter01277\.m2\repository\com\oracle\database\jdbc\ojdbc8\21.5.0.0\ojdbc8-21.5.0.0.jar;"/>
    <property name="sun.cpu.endian" value="little"/>
    <property name="user.home" value="D:\Users\ter01277"/>
    <property name="user.language" value="pt"/>
    <property name="java.specification.vendor" value="Oracle Corporation"/>
    <property name="java.version.date" value="2023-01-17"/>
    <property name="java.home" value="C:\Program Files\Java\jdk-11"/>
    <property name="file.separator" value="\"/>
    <property name="basedir" value="D:\users\ter01277\eclipse-workspace\test_api"/>
    <property name="java.vm.compressedOopsMode" value="32-bit"/>
    <property name="line.separator" value="&#10;"/>
    <property name="java.specification.name" value="Java Platform API Specification"/>
    <property name="java.vm.specification.vendor" value="Oracle Corporation"/>
    <property name="java.awt.graphicsenv" value="sun.awt.Win32GraphicsEnvironment"/>
    <property name="surefire.real.class.path" value="D:\users\ter01277\AppData\Local\Temp\surefire16300711059341580700\surefirebooter-20240214080440710_3.jar"/>
    <property name="user.script" value=""/>
    <property name="sun.management.compiler" value="HotSpot 64-Bit Tiered Compilers"/>
    <property name="java.runtime.version" value="11.0.18+9-LTS-195"/>
    <property name="user.name" value="ter01277"/>
    <property name="path.separator" value=";"/>
    <property name="os.version" value="10.0"/>
    <property name="java.runtime.name" value="Java(TM) SE Runtime Environment"/>
    <property name="file.encoding" value="Cp1252"/>
    <property name="java.vm.name" value="Java HotSpot(TM) 64-Bit Server VM"/>
    <property name="java.vendor.version" value="18.9"/>
    <property name="localRepository" value="D:\Users\ter01277\.m2\repository"/>
    <property name="java.vendor.url.bug" value="https://bugreport.java.com/bugreport/"/>
    <property name="java.io.tmpdir" value="D:\Users\ter01277\AppData\Local\Temp\"/>
    <property name="java.version" value="11.0.18"/>
    <property name="user.dir" value="D:\users\ter01277\eclipse-workspace\test_api"/>
    <property name="os.arch" value="amd64"/>
    <property name="java.vm.specification.name" value="Java Virtual Machine Specification"/>
    <property name="java.awt.printerjob" value="sun.awt.windows.WPrinterJob"/>
    <property name="sun.os.patch.level" value=""/>
    <property name="java.library.path" value="C:\Program Files\Java\jdk-11\bin;C:\WINDOWS\Sun\Java\bin;C:\WINDOWS\system32;C:\WINDOWS;D:\Users\ter01277\bin;C:\Program Files\Git\mingw64\bin;C:\Program Files\Git\usr\local\bin;C:\Program Files\Git\usr\bin;C:\Program Files\Git\usr\bin;C:\Program Files\Git\mingw64\bin;C:\Program Files\Git\usr\bin;D:\Users\ter01277\bin;C:\Program Files (x86)\TRICENTIS\Tosca Testsuite\ToscaCommander;C:\Program Files\Common Files\Oracle\Java\javapath;C:\Program Files (x86)\Common Files\Oracle\Java\javapath;C:\ProgramData\Oracle\Java\javapath;C:\WINDOWS\system32;C:\WINDOWS;C:\WINDOWS\System32\Wbem;C:\WINDOWS\System32\WindowsPowerShell\v1.0;C:\WINDOWS\System32\OpenSSH;C:\Program Files\Common Files\ThinPrint;C:\Program Files\Git\cmd;%JAVA_HOME%\bin;C:\Program Files\dotnet;C:\maven\bin;D:\Users\ter01277\AppData\Local\Programs\Python\Python312\Scripts;D:\Users\ter01277\AppData\Local\Programs\Python\Python312;D:\Users\ter01277\AppData\Local\Microsoft\WindowsApps;C:\Program Files\Git\usr\bin\vendor_perl;C:\Program Files\Git\usr\bin\core_perl;."/>
    <property name="java.vendor" value="Oracle Corporation"/>
    <property name="java.vm.info" value="mixed mode"/>
    <property name="java.vm.version" value="11.0.18+9-LTS-195"/>
    <property name="sun.io.unicode.encoding" value="UnicodeLittle"/>
    <property name="java.class.version" value="55.0"/>
  </properties>
  <testcase name="buscarItemsInvalido" classname="br.mule.test.ItemTest" time="0.07">
    <system-out><![CDATA[Request method:	GET
Request URI:	https://api-rtf-dh.mdb.com.br/mdb-rf-dev-comercial-logistica-item-eapi/api/v2/itens?lote&num_pagina=1&tam_pagina=100
Proxy:			<none>
Request params:	<none>
Query params:	lote
				num_pagina=1
				tam_pagina=100
Form params:	<none>
Path params:	<none>
Headers:		client_id=e2c5ce2cdfa7444f859fdd08e282311
				client_secret=33b3c67AcBD24E8a82D73A852d056322
				Accept=*/*
				Content-Type=application/json
Cookies:		<none>
Multiparts:		<none>
Body:			<none>
HTTP/1.1 401 Unauthorized
www-authenticate: Client-ID-Enforcement
Content-Type: application/json; charset=UTF-8
Content-Length: 31
Date: Wed, 14 Feb 2024 11:04:50 GMT
x-correlation-id: 9071fd5e-d10a-4cb5-851d-01e6b61747d6
Connection: Keep-Alive
Strict-Transport-Security: max-age=16070400; includeSubDomains; preload

{
    "error": "Invalid Client"
}
]]></system-out>
  </testcase>
  <testcase name="buscarItemsSemTamPagina" classname="br.mule.test.ItemTest" time="0.504">
    <system-out><![CDATA[HTTP/1.1 400 Bad Request
x-ratelimit-remaining: 99
x-ratelimit-limit: 100
x-ratelimit-reset: 10
Content-Type: application/json; charset=UTF-8
Content-Length: 133
Date: Wed, 14 Feb 2024 11:04:50 GMT
x-correlation-id: 3ba3ebb8-d37b-4985-88b1-5e7e6c2a5caa
Connection: Keep-Alive
Strict-Transport-Security: max-age=16070400; includeSubDomains; preload

{
    "error": {
        "code": 400,
        "reason": "Bad Request",
        "message": "Required query parameter tam_pagina not specified"
    }
}
]]></system-out>
  </testcase>
  <testcase name="buscarItemsSemNumPagina" classname="br.mule.test.ItemTest" time="0.398">
    <system-out><![CDATA[HTTP/1.1 400 Bad Request
x-ratelimit-remaining: 99
x-ratelimit-limit: 100
x-ratelimit-reset: 506
Content-Type: application/json; charset=UTF-8
Content-Length: 133
Date: Wed, 14 Feb 2024 11:04:50 GMT
x-correlation-id: db697d82-7a88-4728-8db0-eb67c77aa3ad
Connection: Keep-Alive
Strict-Transport-Security: max-age=16070400; includeSubDomains; preload

{
    "error": {
        "code": 400,
        "reason": "Bad Request",
        "message": "Required query parameter num_pagina not specified"
    }
}
]]></system-out>
  </testcase>
  <testcase name="buscarItems" classname="br.mule.test.ItemTest" time="3.352">
    <system-out><![CDATA[Request method:	GET
Request URI:	https://api-rtf-dh.mdb.com.br/mdb-rf-dev-comercial-logistica-item-eapi/api/v2/itens?lote=4fd892c5c69711eebf6e99f85700670b&num_pagina=1&tam_pagina=100
Proxy:			<none>
Request params:	<none>
Query params:	lote=4fd892c5c69711eebf6e99f85700670b
				num_pagina=1
				tam_pagina=100
Form params:	<none>
Path params:	<none>
Headers:		client_id=e2c5ce2cdfa7444f859fdd08e2823113
				client_secret=33b3c67AcBD24E8a82D73A852d056322
				Accept=*/*
				Content-Type=application/json
Cookies:		<none>
Multiparts:		<none>
Body:			<none>
HTTP/1.1 200 OK
date: Wed, 14 Feb 2024 11:04:54 GMT
x-ratelimit-remaining: 99
x-ratelimit-limit: 100
x-ratelimit-reset: 566
Content-Type: application/json; charset=UTF-8
Content-Length: 14447
x-correlation-id: c2af265b-7e63-4fbf-902e-fecfd2551864
Connection: Keep-Alive
Strict-Transport-Security: max-age=16070400; includeSubDomains; preload

{
    "itens": [
        {
            "idItem": "5440d970c69711eebb989a0927008d5f",
            "codItem": "000000000000096158",
            "tpItem": "FERT",
            "codGRPMerc": "012021Q00",
            "descItem": "BISC SALGADO INTEGRAL ADRIA 30 ag. 09.11",
            "codIdioma": "PT",
            "codUnprincipal": "PAC",
            "idEan13": "7891152801767",
            "codSetativ": "01",
            "idCodebs": "000000000000096158",
            "codPrDHA": "4311007ADPLI120000",
            "flagADMLote": "X",
            "codCest": "1705402",
            "qtdPesoBruto": 260,
            "qtdPesoLiquido": 230,
            "qtdComprimento": 7.755,
            "qtdLargura": 5.899,
            "qtdAltura": 9.123,
            "codUndimensao": "MM",
            "qtdVolume": 0.099,
            "codUnvolume": "M3",
            "codGRPTransp": "0001",
            "dataInibloq": "1900-01-01T00:00:00",
            "qtdShelfLife": 250,
            "dataCriacaoOrigem": "2023-08-22T00:00:00",
            "dataModificacaoOrigem": "2024-02-08T00:00:00",
            "idCriadoPorOrigem": "TER04134",
            "idModificadoPorOrigem": "TER07072",
            "nomeCriadoPorOrigem": "BRUNA KELLY GOMES BARBOSA BESSA",
            "nomeModificadoPorOrigem": "RANIERE APARECIDO ROMANINI",
            "descTpProd": "Produto acabado",
            "descUnmedida": "pacote",
            "descGRPMerc": "Salgados",
            "codUncompra": "CX",
            "numVendaParcial": 0,
            "codCategoria": "43",
            "codFamilia": "110",
            "codSubFamilia": "07",
            "codMarca": "AD",
            "codSubmarca": "PLI",
            "codIntPeso": "12",
            "codUnPeso": "G",
            "codReserva1": "00",
            "codReserva2": "00",
            "descCategoria": "BISCOITOS",
            "descFamilia": "SECOS E DOCES",
            "descSubfamilia": "INTEGRAL",
            "descMarca": "ADRIA",
            "descSubmarca": "PLUS LIFE",
            "descIntPeso": "DE 101 A 250 GRAMAS",
            "descReserva1": "NC",
            "descReserva2": "NC",
            "idLote": 77618,
            "criadoPor": "dsdadm",
            "dataCriacao": "2023-10-13T17:34:44",
            "atualizadoPor": "dsdadm",
            "dataAtualizacao": "2024-02-08T12:32:55",
            "entregas": [
                {
                    "codItem": "000000000000096158",
                    "codOrgVendas": "1010",
                    "codCanalDistrib": "40",
                    "codUnvenda": "CX",
                    "codDesUnvenda": "X",
                    "dataIniVenda": "1900-01-01T00:00:00",
                    "qtdRemessa": 5,
                    "qtdUnremessa": "CX",
                    "codGrpItem": "NORM",
                    "idLote": 1563,
                    "criadoPor": "dsdadm",
                    "dataCriacao": "2023-10-13T17:34:57",
                    "atualizadoPor": "dsdadm",
                    "dataAtualizacao": "2023-10-13T17:34:57"
                }
            ],
            "unidMedida": [
                {
                    "codItem": "000000000000096158",
                    "codUnidMedida": "CX",
                    "codDun14": "17891152801764",
                    "qtdDenConversao": 1,
                    "qtdNumConversao": 40,
                    "qtdComprimento": 8.9,
                    "qtdLargura": 4.1,
                    "qtdAltura": 3.987,
                    "codUnidCompAlt": "MM",
                    "qtdPesoBruto": 12.2,
                    "codUnidPeso": "KG",
                    "qtdVolume": 0.312,
                    "codUnidVolume": "M3",
                    "idLote": 2092,
                    "descUnidMedida": "Caixa",
                    "criadoPor": "dsdadm",
                    "dataCriacao": "2023-11-09T12:34:19",
                    "atualizadoPor": "dsdadm",
                    "dataAtualizacao": "2023-11-09T12:34:19"
                },
                {
                    "codItem": "000000000000096158",
                    "codUnidMedida": "G",
                    "qtdDenConversao": 260,
                    "qtdNumConversao": 1,
                    "qtdComprimento": 0,
                    "qtdLargura": 0,
                    "qtdAltura": 0,
                    "qtdPesoBruto": 0,
                    "qtdVolume": 0,
                    "idLote": 2092,
                    "descUnidMedida": "g",
                    "criadoPor": "dsdadm",
                    "dataCriacao": "2023-11-09T12:34:19",
                    "atualizadoPor": "dsdadm",
                    "dataAtualizacao": "2023-11-09T12:34:19"
                },
                {
                    "codItem": "000000000000096158",
                    "codUnidMedida": "KG",
                    "qtdDenConversao": 13,
                    "qtdNumConversao": 50,
                    "qtdComprimento": 0,
                    "qtdLargura": 0,
                    "qtdAltura": 0,
                    "qtdPesoBruto": 0,
                    "qtdVolume": 0,
                    "idLote": 2092,
                    "descUnidMedida": "kg",
                    "criadoPor": "dsdadm",
                    "dataCriacao": "2023-11-09T12:34:19",
                    "atualizadoPor": "dsdadm",
                    "dataAtualizacao": "2023-11-09T12:34:19"
                },
                {
                    "codItem": "000000000000096158",
                    "codUnidMedida": "PAC",
                    "codDun14": "7891152801767",
                    "qtdDenConversao": 1,
                    "qtdNumConversao": 1,
                    "qtdComprimento": 7.755,
                    "qtdLargura": 5.899,
                    "qtdAltura": 9.123,
                    "codUnidCompAlt": "MM",
                    "qtdPesoBruto": 260,
                    "codUnidPeso": "G",
                    "qtdVolume": 0.099,
                    "codUnidVolume": "M3",
                    "idLote": 2092,
                    "descUnidMedida": "pacote",
                    "criadoPor": "dsdadm",
                    "dataCriacao": "2023-11-09T12:34:19",
                    "atualizadoPor": "dsdadm",
                    "dataAtualizacao": "2023-11-09T12:34:19"
                },
                {
                    "codItem": "000000000000096158",
                    "codUnidMedida": "TO",
                    "codDun14": "7896024720382",
                    "qtdDenConversao": 1,
                    "qtdNumConversao": 10000,
                    "qtdComprimento": 0,
                    "qtdLargura": 0,
                    "qtdAltura": 0,
                    "qtdPesoBruto": 0,
                    "qtdVolume": 0,
                    "idLote": 63586,
                    "criadoPor": "dsdadm",
                    "dataCriacao": "2024-01-15T10:32:58",
                    "atualizadoPor": "dsdadm",
                    "dataAtualizacao": "2024-01-15T10:32:58"
                },
                {
                    "codItem": "000000000000096158",
                    "codUnidMedida": "UN",
                    "codDun14": "17896090082084",
                    "qtdDenConversao": 10,
                    "qtdNumConversao": 2,
                    "qtdComprimento": 0.18,
                    "qtdLargura": 0.02,
                    "qtdAltura": 0.05,
                    "codUnidCompAlt": "MM",
                    "qtdPesoBruto": 50,
                    "codUnidPeso": "G",
                    "qtdVolume": 0.56,
                    "codUnidVolume": "M3",
                    "idLote": 2092,
                    "descUnidMedida": "Unidade",
                    "criadoPor": "dsdadm",
                    "dataCriacao": "2023-11-09T12:34:19",
                    "atualizadoPor": "dsdadm",
                    "dataAtualizacao": "2023-11-09T12:34:19"
                }
            ]
        },
        {
            "idItem": "145a4a86c5ce11ee9e94bd2c9700070d",
            "codItem": "000000000300000048",
            "tpItem": "FERT",
            "codGRPMerc": "L004",
            "descItem": "ESTRELA WAFER CHOCOLATE",
            "codIdioma": "PT",
            "codUnprincipal": "KG",
            "codPrDHA": "43",
            "flagADMLote": "X",
            "qtdPesoBruto": 15,
            "qtdPesoLiquido": 10,
            "qtdComprimento": 0,
            "qtdLargura": 0,
            "qtdAltura": 0,
            "qtdVolume": 1,
            "codUnvolume": "M3",
            "codGRPTransp": "0001",
            "dataInibloq": "1900-01-01T00:00:00",
            "qtdShelfLife": 100,
            "dataCriacaoOrigem": "2023-05-12T00:00:00",
            "dataModificacaoOrigem": "2024-02-07T00:00:00",
            "idCriadoPorOrigem": "TER06589",
            "idModificadoPorOrigem": "TER06543",
            "nomeCriadoPorOrigem": "LENNON QUEIROZ",
            "nomeModificadoPorOrigem": "JULIA TAMANI COSTA",
            "descTpProd": "Produto acabado",
            "descUnmedida": "kg",
            "descGRPMerc": "Produtos acabados",
            "numVendaParcial": 3,
            "codCategoria": "43",
            "codUnPeso": "KG",
            "descCategoria": "BISCOITOS",
            "idLote": 77618,
            "criadoPor": "dsdadm",
            "dataCriacao": "2023-10-13T17:34:44",
            "atualizadoPor": "dsdadm",
            "dataAtualizacao": "2024-02-07T12:32:19",
            "entregas": [
                {
                    "codItem": "000000000300000048",
                    "codOrgVendas": "1010",
                    "codCanalDistrib": "10",
                    "dataIniVenda": "1900-01-01T00:00:00",
                    "qtdRemessa": 0,
                    "codGrpItem": "NORM",
                    "idLote": 1563,
                    "criadoPor": "dsdadm",
                    "dataCriacao": "2023-10-13T17:34:57",
                    "atualizadoPor": "dsdadm",
                    "dataAtualizacao": "2023-10-13T17:34:57"
                },
                {
                    "codItem": "000000000300000048",
                    "codOrgVendas": "1010",
                    "codCanalDistrib": "40",
                    "dataIniVenda": "1900-01-01T00:00:00",
                    "qtdRemessa": 0,
                    "codGrpItem": "NORM",
                    "idLote": 1563,
                    "criadoPor": "dsdadm",
                    "dataCriacao": "2023-10-13T17:34:57",
                    "atualizadoPor": "dsdadm",
                    "dataAtualizacao": "2023-10-13T17:34:57"
                }
            ],
            "unidMedida": [
                {
                    "codItem": "000000000300000048",
                    "codUnidMedida": "CX",
                    "codDun14": "7896090082346",
                    "qtdDenConversao": 1,
                    "qtdNumConversao": 100,
                    "qtdComprimento": 0,
                    "qtdLargura": 0,
                    "qtdAltura": 0,
                    "qtdPesoBruto": 0,
                    "qtdVolume": 0,
                    "idLote": 2092,
                    "descUnidMedida": "Caixa",
                    "criadoPor": "dsdadm",
                    "dataCriacao": "2023-11-09T12:34:19",
                    "atualizadoPor": "dsdadm",
                    "dataAtualizacao": "2023-11-09T12:34:19"
                },
                {
                    "codItem": "000000000300000048",
                    "codUnidMedida": "KG",
                    "qtdDenConversao": 1,
                    "qtdNumConversao": 1,
                    "qtdComprimento": 0,
                    "qtdLargura": 0,
                    "qtdAltura": 0,
                    "qtdPesoBruto": 15,
                    "codUnidPeso": "KG",
                    "qtdVolume": 1,
                    "codUnidVolume": "M3",
                    "idLote": 2092,
                    "descUnidMedida": "kg",
                    "criadoPor": "dsdadm",
                    "dataCriacao": "2023-11-09T12:34:19",
                    "atualizadoPor": "dsdadm",
                    "dataAtualizacao": "2023-11-09T12:34:19"
                }
            ]
        },
        {
            "idItem": "5b686b9ac5cb11ee9fa2a127a700f971",
            "codItem": "000000000300000063",
            "tpItem": "FERT",
            "codGRPMerc": "012001A00",
            "descItem": "Macarrão parafuso 09.11",
            "codIdioma": "PT",
            "codUnprincipal": "PAC",
            "codSetativ": "01",
            "codPrDHA": "4411216ADADR100000",
            "flagADMLote": "X",
            "qtdPesoBruto": 15,
            "qtdPesoLiquido": 10,
            "qtdComprimento": 0,
            "qtdLargura": 0,
            "qtdAltura": 0,
            "qtdVolume": 0,
            "codGRPTransp": "0001",
            "dataInibloq": "1900-01-01T00:00:00",
            "qtdShelfLife": 20,
            "dataCriacaoOrigem": "2023-05-25T00:00:00",
            "dataModificacaoOrigem": "2023-11-15T00:00:00",
            "idCriadoPorOrigem": "TER06536",
            "idModificadoPorOrigem": "TER06589",
            "nomeCriadoPorOrigem": "EMILIO DEL VALLE",
            "nomeModificadoPorOrigem": "LENNON QUEIROZ",
            "descTpProd": "Produto acabado",
            "descUnmedida": "pacote",
            "descGRPMerc": "Açúcar",
            "numVendaParcial": 0,
            "codCategoria": "44",
            "codFamilia": "112",
            "codSubFamilia": "16",
            "codMarca": "AD",
            "codSubmarca": "ADR",
            "codIntPeso": "10",
            "codUnPeso": "KG",
            "codReserva1": "00",
            "codReserva2": "00",
            "descCategoria": "MASSAS",
            "descFamilia": "INSTANTANEO",
            "descSubfamilia": "INSTANTANEO",
            "descMarca": "ADRIA",
            "descSubmarca": "ADRIA",
            "descIntPeso": "ATE 100 GRAMAS",
            "descReserva1": "NC",
            "descReserva2": "NC",
            "idLote": 77618,
            "criadoPor": "dsdadm",
            "dataCriacao": "2023-12-07T00:00:00",
            "atualizadoPor": "dsdadm",
            "dataAtualizacao": "2024-02-07T12:12:49",
            "entregas": [
                {
                    "codItem": "000000000300000063",
                    "codOrgVendas": "1010",
                    "codCanalDistrib": "10",
                    "dataIniVenda": "1900-01-01T00:00:00",
                    "qtdRemessa": 0,
                    "codGrpItem": "NORM",
                    "idLote": 3334,
                    "criadoPor": "dsdadm",
                    "dataCriacao": "2023-11-15T13:33:24",
                    "atualizadoPor": "dsdadm",
                    "dataAtualizacao": "2023-11-15T13:33:24"
                },
                {
                    "codItem": "000000000300000063",
                    "codOrgVendas": "1010",
                    "codCanalDistrib": "40",
                    "dataIniVenda": "1900-01-01T00:00:00",
                    "qtdRemessa": 0,
                    "codGrpItem": "NORM",
                    "idLote": 1563,
                    "criadoPor": "dsdadm",
                    "dataCriacao": "2023-10-13T17:34:57",
                    "atualizadoPor": "dsdadm",
                    "dataAtualizacao": "2023-10-13T17:34:57"
                }
            ],
            "unidMedida": [
                {
                    "codItem": "000000000300000063",
                    "codUnidMedida": "CX",
                    "qtdDenConversao": 1,
                    "qtdNumConversao": 24,
                    "qtdComprimento": 0,
                    "qtdLargura": 0,
                    "qtdAltura": 0,
                    "qtdPesoBruto": 0,
                    "qtdVolume": 0,
                    "idLote": 2092,
                    "descUnidMedida": "Caixa",
                    "criadoPor": "dsdadm",
                    "dataCriacao": "2023-11-09T12:34:19",
                    "atualizadoPor": "dsdadm",
                    "dataAtualizacao": "2023-11-09T12:34:19"
                },
                {
                    "codItem": "000000000300000063",
                    "codUnidMedida": "G",
                    "qtdDenConversao": 350,
                    "qtdNumConversao": 1,
                    "qtdComprimento": 0,
                    "qtdLargura": 0,
                    "qtdAltura": 0,
                    "qtdPesoBruto": 0,
                    "qtdVolume": 0,
                    "idLote": 2092,
                    "descUnidMedida": "g",
                    "criadoPor": "dsdadm",
                    "dataCriacao": "2023-11-09T12:34:19",
                    "atualizadoPor": "dsdadm",
                    "dataAtualizacao": "2023-11-09T12:34:19"
                },
                {
                    "codItem": "000000000300000063",
                    "codUnidMedida": "PAC",
                    "qtdDenConversao": 1,
                    "qtdNumConversao": 1,
                    "qtdComprimento": 0,
                    "qtdLargura": 0,
                    "qtdAltura": 0,
                    "qtdPesoBruto": 15,
                    "codUnidPeso": "KG",
                    "qtdVolume": 0,
                    "idLote": 2092,
                    "descUnidMedida": "pacote",
                    "criadoPor": "dsdadm",
                    "dataCriacao": "2023-11-09T12:34:19",
                    "atualizadoPor": "dsdadm",
                    "dataAtualizacao": "2023-11-09T12:34:19"
                },
                {
                    "codItem": "000000000300000063",
                    "codUnidMedida": "PAL",
                    "qtdDenConversao": 1,
                    "qtdNumConversao": 264,
                    "qtdComprimento": 0,
                    "qtdLargura": 0,
                    "qtdAltura": 0,
                    "qtdPesoBruto": 0,
                    "qtdVolume": 0,
                    "idLote": 2092,
                    "descUnidMedida": "Palete",
                    "criadoPor": "dsdadm",
                    "dataCriacao": "2023-11-09T12:34:19",
                    "atualizadoPor": "dsdadm",
                    "dataAtualizacao": "2023-11-09T12:34:19"
                }
            ]
        }
    ],
    "paginacao": {
        "numPagina": 1,
        "qtdPaginas": 1
    }
}
]]></system-out>
  </testcase>
</testsuite>