<?xml version="1.0" encoding="UTF-8"?>
<testsuite xmlns:xsi="http://www.w3.org/2001/XMLSchema-instance" xsi:noNamespaceSchemaLocation="https://maven.apache.org/surefire/maven-surefire-plugin/xsd/surefire-test-report-3.0.xsd" version="3.0" name="br.mule.test.AvaliacoesTest" time="8.409" tests="3" errors="0" skipped="0" failures="0">
  <properties>
    <property name="sun.desktop" value="windows"/>
    <property name="awt.toolkit" value="sun.awt.windows.WToolkit"/>
    <property name="java.specification.version" value="11"/>
    <property name="sun.cpu.isalist" value="amd64"/>
    <property name="sun.jnu.encoding" value="Cp1252"/>
    <property name="java.class.path" value="D:\users\ter01277\eclipse-workspace\test_api\target\test-classes;D:\users\ter01277\eclipse-workspace\test_api\target\classes;D:\Users\ter01277\.m2\repository\io\rest-assured\rest-assured\5.0.0\rest-assured-5.0.0.jar;D:\Users\ter01277\.m2\repository\org\apache\groovy\groovy\4.0.1\groovy-4.0.1.jar;D:\Users\ter01277\.m2\repository\org\apache\groovy\groovy-xml\4.0.1\groovy-xml-4.0.1.jar;D:\Users\ter01277\.m2\repository\org\apache\httpcomponents\httpclient\4.5.13\httpclient-4.5.13.jar;D:\Users\ter01277\.m2\repository\org\apache\httpcomponents\httpcore\4.4.13\httpcore-4.4.13.jar;D:\Users\ter01277\.m2\repository\commons-logging\commons-logging\1.2\commons-logging-1.2.jar;D:\Users\ter01277\.m2\repository\commons-codec\commons-codec\1.11\commons-codec-1.11.jar;D:\Users\ter01277\.m2\repository\org\apache\httpcomponents\httpmime\4.5.13\httpmime-4.5.13.jar;D:\Users\ter01277\.m2\repository\org\hamcrest\hamcrest\2.1\hamcrest-2.1.jar;D:\Users\ter01277\.m2\repository\org\ccil\cowan\tagsoup\tagsoup\1.2.1\tagsoup-1.2.1.jar;D:\Users\ter01277\.m2\repository\io\rest-assured\json-path\5.0.0\json-path-5.0.0.jar;D:\Users\ter01277\.m2\repository\org\apache\groovy\groovy-json\4.0.1\groovy-json-4.0.1.jar;D:\Users\ter01277\.m2\repository\io\rest-assured\rest-assured-common\5.0.0\rest-assured-common-5.0.0.jar;D:\Users\ter01277\.m2\repository\io\rest-assured\xml-path\5.0.0\xml-path-5.0.0.jar;D:\Users\ter01277\.m2\repository\org\apache\commons\commons-lang3\3.11\commons-lang3-3.11.jar;D:\Users\ter01277\.m2\repository\junit\junit\4.10\junit-4.10.jar;D:\Users\ter01277\.m2\repository\org\hamcrest\hamcrest-core\1.1\hamcrest-core-1.1.jar;D:\Users\ter01277\.m2\repository\com\google\code\gson\gson\2.8.5\gson-2.8.5.jar;D:\Users\ter01277\.m2\repository\io\cucumber\cucumber-java\7.15.0\cucumber-java-7.15.0.jar;D:\Users\ter01277\.m2\repository\io\cucumber\cucumber-core\7.15.0\cucumber-core-7.15.0.jar;D:\Users\ter01277\.m2\repository\io\cucumber\cucumber-gherkin\7.15.0\cucumber-gherkin-7.15.0.jar;D:\Users\ter01277\.m2\repository\io\cucumber\cucumber-gherkin-messages\7.15.0\cucumber-gherkin-messages-7.15.0.jar;D:\Users\ter01277\.m2\repository\io\cucumber\gherkin\26.2.0\gherkin-26.2.0.jar;D:\Users\ter01277\.m2\repository\io\cucumber\messages\22.0.0\messages-22.0.0.jar;D:\Users\ter01277\.m2\repository\io\cucumber\tag-expressions\6.0.0\tag-expressions-6.0.0.jar;D:\Users\ter01277\.m2\repository\io\cucumber\cucumber-expressions\17.0.1\cucumber-expressions-17.0.1.jar;D:\Users\ter01277\.m2\repository\io\cucumber\datatable\7.15.0\datatable-7.15.0.jar;D:\Users\ter01277\.m2\repository\io\cucumber\cucumber-plugin\7.15.0\cucumber-plugin-7.15.0.jar;D:\Users\ter01277\.m2\repository\io\cucumber\docstring\7.15.0\docstring-7.15.0.jar;D:\Users\ter01277\.m2\repository\io\cucumber\html-formatter\20.4.0\html-formatter-20.4.0.jar;D:\Users\ter01277\.m2\repository\io\cucumber\junit-xml-formatter\0.2.0\junit-xml-formatter-0.2.0.jar;D:\Users\ter01277\.m2\repository\io\cucumber\ci-environment\10.0.0\ci-environment-10.0.0.jar;D:\Users\ter01277\.m2\repository\org\apiguardian\apiguardian-api\1.1.2\apiguardian-api-1.1.2.jar;D:\Users\ter01277\.m2\repository\io\cucumber\cucumber-junit\7.15.0\cucumber-junit-7.15.0.jar;D:\Users\ter01277\.m2\repository\com\oracle\database\jdbc\ojdbc8\21.5.0.0\ojdbc8-21.5.0.0.jar;"/>
    <property name="java.vm.vendor" value="Oracle Corporation"/>
    <property name="sun.arch.data.model" value="64"/>
    <property name="user.variant" value=""/>
    <property name="java.vendor.url" value="https://openjdk.java.net/"/>
    <property name="user.timezone" value="America/Sao_Paulo"/>
    <property name="java.vm.specification.version" value="11"/>
    <property name="os.name" value="Windows 10"/>
    <property name="sun.java.launcher" value="SUN_STANDARD"/>
    <property name="user.country" value="BR"/>
    <property name="sun.boot.library.path" value="C:\Program Files\Java\jdk-11\bin"/>
    <property name="sun.java.command" value="D:\users\ter01277\AppData\Local\Temp\surefire16300711059341580700\surefirebooter-20240214080440710_3.jar D:\users\ter01277\AppData\Local\Temp\surefire16300711059341580700 2024-02-14T08-04-40_431-jvmRun1 surefire-20240214080440710_1tmp surefire_0-20240214080440710_2tmp"/>
    <property name="jdk.debug" value="release"/>
    <property name="surefire.test.class.path" value="D:\users\ter01277\eclipse-workspace\test_api\target\test-classes;D:\users\ter01277\eclipse-workspace\test_api\target\classes;D:\Users\ter01277\.m2\repository\io\rest-assured\rest-assured\5.0.0\rest-assured-5.0.0.jar;D:\Users\ter01277\.m2\repository\org\apache\groovy\groovy\4.0.1\groovy-4.0.1.jar;D:\Users\ter01277\.m2\repository\org\apache\groovy\groovy-xml\4.0.1\groovy-xml-4.0.1.jar;D:\Users\ter01277\.m2\repository\org\apache\httpcomponents\httpclient\4.5.13\httpclient-4.5.13.jar;D:\Users\ter01277\.m2\repository\org\apache\httpcomponents\httpcore\4.4.13\httpcore-4.4.13.jar;D:\Users\ter01277\.m2\repository\commons-logging\commons-logging\1.2\commons-logging-1.2.jar;D:\Users\ter01277\.m2\repository\commons-codec\commons-codec\1.11\commons-codec-1.11.jar;D:\Users\ter01277\.m2\repository\org\apache\httpcomponents\httpmime\4.5.13\httpmime-4.5.13.jar;D:\Users\ter01277\.m2\repository\org\hamcrest\hamcrest\2.1\hamcrest-2.1.jar;D:\Users\ter01277\.m2\repository\org\ccil\cowan\tagsoup\tagsoup\1.2.1\tagsoup-1.2.1.jar;D:\Users\ter01277\.m2\repository\io\rest-assured\json-path\5.0.0\json-path-5.0.0.jar;D:\Users\ter01277\.m2\repository\org\apache\groovy\groovy-json\4.0.1\groovy-json-4.0.1.jar;D:\Users\ter01277\.m2\repository\io\rest-assured\rest-assured-common\5.0.0\rest-assured-common-5.0.0.jar;D:\Users\ter01277\.m2\repository\io\rest-assured\xml-path\5.0.0\xml-path-5.0.0.jar;D:\Users\ter01277\.m2\repository\org\apache\commons\commons-lang3\3.11\commons-lang3-3.11.jar;D:\Users\ter01277\.m2\repository\junit\junit\4.10\junit-4.10.jar;D:\Users\ter01277\.m2\repository\org\hamcrest\hamcrest-core\1.1\hamcrest-core-1.1.jar;D:\Users\ter01277\.m2\repository\com\google\code\gson\gson\2.8.5\gson-2.8.5.jar;D:\Users\ter01277\.m2\repository\io\cucumber\cucumber-java\7.15.0\cucumber-java-7.15.0.jar;D:\Users\ter01277\.m2\repository\io\cucumber\cucumber-core\7.15.0\cucumber-core-7.15.0.jar;D:\Users\ter01277\.m2\repository\io\cucumber\cucumber-gherkin\7.15.0\cucumber-gherkin-7.15.0.jar;D:\Users\ter01277\.m2\repository\io\cucumber\cucumber-gherkin-messages\7.15.0\cucumber-gherkin-messages-7.15.0.jar;D:\Users\ter01277\.m2\repository\io\cucumber\gherkin\26.2.0\gherkin-26.2.0.jar;D:\Users\ter01277\.m2\repository\io\cucumber\messages\22.0.0\messages-22.0.0.jar;D:\Users\ter01277\.m2\repository\io\cucumber\tag-expressions\6.0.0\tag-expressions-6.0.0.jar;D:\Users\ter01277\.m2\repository\io\cucumber\cucumber-expressions\17.0.1\cucumber-expressions-17.0.1.jar;D:\Users\ter01277\.m2\repository\io\cucumber\datatable\7.15.0\datatable-7.15.0.jar;D:\Users\ter01277\.m2\repository\io\cucumber\cucumber-plugin\7.15.0\cucumber-plugin-7.15.0.jar;D:\Users\ter01277\.m2\repository\io\cucumber\docstring\7.15.0\docstring-7.15.0.jar;D:\Users\ter01277\.m2\repository\io\cucumber\html-formatter\20.4.0\html-formatter-20.4.0.jar;D:\Users\ter01277\.m2\repository\io\cucumber\junit-xml-formatter\0.2.0\junit-xml-formatter-0.2.0.jar;D:\Users\ter01277\.m2\repository\io\cucumber\ci-environment\10.0.0\ci-environment-10.0.0.jar;D:\Users\ter01277\.m2\repository\org\apiguardian\apiguardian-api\1.1.2\apiguardian-api-1.1.2.jar;D:\Users\ter01277\.m2\repository\io\cucumber\cucumber-junit\7.15.0\cucumber-junit-7.15.0.jar;D:\Users\ter01277\.m2\repository\com\oracle\database\jdbc\ojdbc8\21.5.0.0\ojdbc8-21.5.0.0.jar;"/>
    <property name="sun.cpu.endian" value="little"/>
    <property name="user.home" value="D:\Users\ter01277"/>
    <property name="user.language" value="pt"/>
    <property name="java.specification.vendor" value="Oracle Corporation"/>
    <property name="java.version.date" value="2023-01-17"/>
    <property name="java.home" value="C:\Program Files\Java\jdk-11"/>
    <property name="file.separator" value="\"/>
    <property name="basedir" value="D:\users\ter01277\eclipse-workspace\test_api"/>
    <property name="java.vm.compressedOopsMode" value="32-bit"/>
    <property name="line.separator" value="&#10;"/>
    <property name="java.specification.name" value="Java Platform API Specification"/>
    <property name="java.vm.specification.vendor" value="Oracle Corporation"/>
    <property name="java.awt.graphicsenv" value="sun.awt.Win32GraphicsEnvironment"/>
    <property name="surefire.real.class.path" value="D:\users\ter01277\AppData\Local\Temp\surefire16300711059341580700\surefirebooter-20240214080440710_3.jar"/>
    <property name="user.script" value=""/>
    <property name="sun.management.compiler" value="HotSpot 64-Bit Tiered Compilers"/>
    <property name="java.runtime.version" value="11.0.18+9-LTS-195"/>
    <property name="user.name" value="ter01277"/>
    <property name="path.separator" value=";"/>
    <property name="os.version" value="10.0"/>
    <property name="java.runtime.name" value="Java(TM) SE Runtime Environment"/>
    <property name="file.encoding" value="Cp1252"/>
    <property name="java.vm.name" value="Java HotSpot(TM) 64-Bit Server VM"/>
    <property name="java.vendor.version" value="18.9"/>
    <property name="localRepository" value="D:\Users\ter01277\.m2\repository"/>
    <property name="java.vendor.url.bug" value="https://bugreport.java.com/bugreport/"/>
    <property name="java.io.tmpdir" value="D:\Users\ter01277\AppData\Local\Temp\"/>
    <property name="java.version" value="11.0.18"/>
    <property name="user.dir" value="D:\users\ter01277\eclipse-workspace\test_api"/>
    <property name="os.arch" value="amd64"/>
    <property name="java.vm.specification.name" value="Java Virtual Machine Specification"/>
    <property name="java.awt.printerjob" value="sun.awt.windows.WPrinterJob"/>
    <property name="sun.os.patch.level" value=""/>
    <property name="java.library.path" value="C:\Program Files\Java\jdk-11\bin;C:\WINDOWS\Sun\Java\bin;C:\WINDOWS\system32;C:\WINDOWS;D:\Users\ter01277\bin;C:\Program Files\Git\mingw64\bin;C:\Program Files\Git\usr\local\bin;C:\Program Files\Git\usr\bin;C:\Program Files\Git\usr\bin;C:\Program Files\Git\mingw64\bin;C:\Program Files\Git\usr\bin;D:\Users\ter01277\bin;C:\Program Files (x86)\TRICENTIS\Tosca Testsuite\ToscaCommander;C:\Program Files\Common Files\Oracle\Java\javapath;C:\Program Files (x86)\Common Files\Oracle\Java\javapath;C:\ProgramData\Oracle\Java\javapath;C:\WINDOWS\system32;C:\WINDOWS;C:\WINDOWS\System32\Wbem;C:\WINDOWS\System32\WindowsPowerShell\v1.0;C:\WINDOWS\System32\OpenSSH;C:\Program Files\Common Files\ThinPrint;C:\Program Files\Git\cmd;%JAVA_HOME%\bin;C:\Program Files\dotnet;C:\maven\bin;D:\Users\ter01277\AppData\Local\Programs\Python\Python312\Scripts;D:\Users\ter01277\AppData\Local\Programs\Python\Python312;D:\Users\ter01277\AppData\Local\Microsoft\WindowsApps;C:\Program Files\Git\usr\bin\vendor_perl;C:\Program Files\Git\usr\bin\core_perl;."/>
    <property name="java.vendor" value="Oracle Corporation"/>
    <property name="java.vm.info" value="mixed mode"/>
    <property name="java.vm.version" value="11.0.18+9-LTS-195"/>
    <property name="sun.io.unicode.encoding" value="UnicodeLittle"/>
    <property name="java.class.version" value="55.0"/>
  </properties>
  <testcase name="buscarAvaliacoesClienteIdInvalido" classname="br.mule.test.AvaliacoesTest" time="4.425">
    <system-out><![CDATA[Request method:	GET
Request URI:	https://api-rtf-dh.mdb.com.br/mdb-rf-dev-comercial-logistica-item-eapi/api/v2/itens/MP0000000016/avaliacoes?num_pagina=1&tam_pagina=100
Proxy:			<none>
Request params:	<none>
Query params:	num_pagina=1
				tam_pagina=100
Form params:	<none>
Path params:	codItem=MP0000000016
Headers:		client_id=e2c5ce2cdfa7444f859fdd08e28231130
				client_secret=33b3c67AcBD24E8a82D73A852d056322
				Accept=*/*
				Content-Type=application/json
Cookies:		<none>
Multiparts:		<none>
Body:			<none>
HTTP/1.1 401 Unauthorized
www-authenticate: Client-ID-Enforcement
Content-Type: application/json; charset=UTF-8
Content-Length: 31
Date: Wed, 14 Feb 2024 11:04:45 GMT
x-correlation-id: 4b647294-6449-4360-9f68-1a96e64e3293
Connection: Keep-Alive
Strict-Transport-Security: max-age=16070400; includeSubDomains; preload

{
    "error": "Invalid Client"
}
]]></system-out>
  </testcase>
  <testcase name="buscarAvaliacoesSemNumPagina" classname="br.mule.test.AvaliacoesTest" time="0.728">
    <system-out><![CDATA[Request method:	GET
Request URI:	https://api-rtf-dh.mdb.com.br/mdb-rf-dev-comercial-logistica-item-eapi/api/v2/itens/MP0000000016/avaliacoes?tam_pagina=100
Proxy:			<none>
Request params:	<none>
Query params:	tam_pagina=100
Form params:	<none>
Path params:	codItem=MP0000000016
Headers:		client_id=e2c5ce2cdfa7444f859fdd08e28231130
				client_secret=33b3c67AcBD24E8a82D73A852d056322
				Accept=*/*
				Content-Type=application/json
Cookies:		<none>
Multiparts:		<none>
Body:			<none>
HTTP/1.1 401 Unauthorized
www-authenticate: Client-ID-Enforcement
Content-Type: application/json; charset=UTF-8
Content-Length: 31
Date: Wed, 14 Feb 2024 11:04:47 GMT
x-correlation-id: 37b0ffff-d319-4807-9f05-5794c6dcc2f7
Connection: Keep-Alive
Strict-Transport-Security: max-age=16070400; includeSubDomains; preload

{
    "error": "Invalid Client"
}
]]></system-out>
  </testcase>
  <testcase name="buscarAvaliacoes" classname="br.mule.test.AvaliacoesTest" time="3.205">
    <system-out><![CDATA[Request method:	GET
Request URI:	https://api-rtf-dh.mdb.com.br/mdb-rf-dev-comercial-logistica-item-eapi/api/v2/itens/MP0000000016/avaliacoes?num_pagina=1&tam_pagina=100
Proxy:			<none>
Request params:	<none>
Query params:	num_pagina=1
				tam_pagina=100
Form params:	<none>
Path params:	codItem=MP0000000016
Headers:		client_id=e2c5ce2cdfa7444f859fdd08e2823113
				client_secret=33b3c67AcBD24E8a82D73A852d056322
				Accept=*/*
				Content-Type=application/json
Cookies:		<none>
Multiparts:		<none>
Body:			<none>
HTTP/1.1 200 OK
date: Wed, 14 Feb 2024 11:04:50 GMT
x-ratelimit-remaining: 99
x-ratelimit-limit: 100
x-ratelimit-reset: 816
Content-Type: application/json; charset=UTF-8
Content-Length: 1052
x-correlation-id: bab4088f-f103-40cb-81ce-2800056fd572
Connection: Keep-Alive
Strict-Transport-Security: max-age=16070400; includeSubDomains; preload

{
    "itens": [
        {
            "codItem": "MP0000000016",
            "codAreaAval": "M001",
            "tpCTRLPreco": "S",
            "codMoeda": "BRL",
            "valMediaMovel": 0,
            "valStandard": 14.27,
            "qtdUnitPreco": 1,
            "tpUtilProd": "2",
            "tpOrigProd": "0",
            "flagProdProp": "X",
            "codEmpresa": "1010",
            "idLote": 1563,
            "criadoPor": "dsdadm",
            "dataCriacao": "2023-10-13T17:34:54",
            "atualizadoPor": "dsdadm",
            "dataAtualizacao": "2023-10-13T17:34:54"
        },
        {
            "codItem": "MP0000000016",
            "codAreaAval": "M431",
            "tpCTRLPreco": "S",
            "codMoeda": "BRL",
            "valMediaMovel": 0,
            "valStandard": 14.27,
            "qtdUnitPreco": 1,
            "tpUtilProd": "2",
            "tpOrigProd": "0",
            "flagProdProp": "X",
            "codEmpresa": "1010",
            "idLote": 75931,
            "criadoPor": "dsdadm",
            "dataCriacao": "2024-02-05T14:51:38",
            "atualizadoPor": "dsdadm",
            "dataAtualizacao": "2024-02-05T14:51:38"
        }
    ],
    "paginacao": {
        "numPagina": 1,
        "qtdPaginas": 1
    }
}
]]></system-out>
  </testcase>
</testsuite>